<?xml version="1.0" encoding="UTF-8"?>
<testsuite name="yt.downloader.AppControllerTest" tests="1" skipped="0" failures="0" errors="0" timestamp="2023-09-30T13:50:42" hostname="PC18" time="1.399">
  <properties/>
  <testcase name="getHello()" classname="yt.downloader.AppControllerTest" time="1.399"/>
  <system-out><![CDATA[16:50:39.803 [Test worker] INFO org.springframework.test.context.support.AnnotationConfigContextLoaderUtils -- Could not detect default configuration classes for test class [yt.downloader.AppControllerTest]: AppControllerTest does not declare any static, non-private, non-final, nested classes annotated with @Configuration.
16:50:40.157 [Test worker] INFO org.springframework.boot.test.context.SpringBootTestContextBootstrapper -- Found @SpringBootConfiguration yt.downloader.App for test class yt.downloader.AppControllerTest

  .   ____          _            __ _ _
 /\\ / ___'_ __ _ _(_)_ __  __ _ \ \ \ \
( ( )\___ | '_ | '_| | '_ \/ _` | \ \ \ \
 \\/  ___)| |_)| | | | | || (_| |  ) ) ) )
  '  |____| .__|_| |_|_| |_\__, | / / / /
 =========|_|==============|___/=/_/_/_/
 :: Spring Boot ::                (v3.1.0)

2023-09-30T16:50:40.966+03:00  WARN 15072 --- [    Test worker] ory$DuplicateJsonObjectContextCustomizer : 

Found multiple occurrences of org.json.JSONObject on the class path:

	jar:file:/C:/Users/IT%20Step/.gradle/caches/modules-2/files-2.1/org.json/json/20230227/7a0d4aca76513d8ce81f9b044ce8126b84809ad8/json-20230227.jar!/org/json/JSONObject.class
	jar:file:/C:/Users/IT%20Step/.gradle/caches/modules-2/files-2.1/com.vaadin.external.google/android-json/0.0.20131108.vaadin1/fa26d351fe62a6a17f5cda1287c1c6110dec413f/android-json-0.0.20131108.vaadin1.jar!/org/json/JSONObject.class

You may wish to exclude one of them to ensure predictable runtime behavior

2023-09-30T16:50:40.984+03:00  INFO 15072 --- [    Test worker] yt.downloader.AppControllerTest          : Starting AppControllerTest using Java 17.0.8.1 with PID 15072 (started by IT Step in C:\Users\IT Step\Desktop\CODY\YT-Downloader\app)
2023-09-30T16:50:40.986+03:00  INFO 15072 --- [    Test worker] yt.downloader.AppControllerTest          : No active profile set, falling back to 1 default profile: "default"
2023-09-30T16:50:42.538+03:00  INFO 15072 --- [    Test worker] o.s.b.t.m.w.SpringBootMockServletContext : Initializing Spring TestDispatcherServlet ''
2023-09-30T16:50:42.539+03:00  INFO 15072 --- [    Test worker] o.s.t.web.servlet.TestDispatcherServlet  : Initializing Servlet ''
2023-09-30T16:50:42.544+03:00  INFO 15072 --- [    Test worker] o.s.t.web.servlet.TestDispatcherServlet  : Completed initialization in 2 ms
2023-09-30T16:50:42.579+03:00  INFO 15072 --- [    Test worker] yt.downloader.AppControllerTest          : Started AppControllerTest in 2.082 seconds (process running for 5.281)
]]></system-out>
  <system-err><![CDATA[]]></system-err>
</testsuite>
