<?xml version="1.0" encoding="UTF-8"?>
<testsuite name="yt.downloader.AppTest" tests="1" skipped="0" failures="0" errors="0" timestamp="2023-09-25T12:02:38" hostname="LAPTOP-HP-OMEN" time="0.003">
  <properties/>
  <testcase name="appHasAGreeting" classname="yt.downloader.AppTest" time="0.003"/>
  <system-out><![CDATA[]]></system-out>
  <system-err><![CDATA[]]></system-err>
</testsuite>
